<?xml version="1.0" encoding="UTF-8"?>
<!-- Generated by org.testng.reporters.JUnitReportReporter -->
<testsuite hostname="subinay-pc" failures="0" tests="2" name="test.practice.ExtentDemo" time="29.088" errors="0" timestamp="2020-02-16T13:48:05 IST" skipped="0">
  <testcase classname="test.practice.ExtentDemo" name="sample" time="14.055"/>
  <system-out/>
  <testcase classname="test.practice.ExtentDemo" name="extentReportsDemo" time="15.033"/>
  <system-out/>
</testsuite> <!-- test.practice.ExtentDemo -->
