<?xml version="1.0" encoding="UTF-8"?>
<!-- Generated by org.testng.reporters.JUnitReportReporter -->
<testsuite hostname="subinay-pc" failures="0" tests="2" name="test.practice.ExtentDemo" time="78.680" errors="0" timestamp="2020-02-15T13:06:28 IST" skipped="0">
  <testcase classname="test.practice.ExtentDemo" name="sample" time="52.910"/>
  <system-out/>
  <testcase classname="test.practice.ExtentDemo" name="extentReportsDemo" time="25.770"/>
  <system-out/>
</testsuite> <!-- test.practice.ExtentDemo -->
