<?xml version="1.0" encoding="UTF-8"?>
<!-- Generated by org.testng.reporters.JUnitReportReporter -->
<testsuite hostname="subinay-pc" failures="0" tests="1" name="test.practice.OpenBrowser" time="0.015" errors="0" timestamp="2020-02-15T11:36:47 IST" skipped="0">
  <testcase classname="test.practice.OpenBrowser" name="openUrl" time="0.015"/>
  <system-out/>
</testsuite> <!-- test.practice.OpenBrowser -->
